[debug] [2025-02-01T14:38:06.396Z] ----------------------------------------------------------------------
[debug] [2025-02-01T14:38:06.400Z] Command:       C:\Program Files\nodejs\node.exe C:\Users\micha\AppData\Roaming\npm\node_modules\firebase-tools\lib\bin\firebase.js deploy
[debug] [2025-02-01T14:38:06.400Z] CLI Version:   13.15.0
[debug] [2025-02-01T14:38:06.400Z] Platform:      win32
[debug] [2025-02-01T14:38:06.400Z] Node Version:  v20.16.0
[debug] [2025-02-01T14:38:06.400Z] Time:          Sat Feb 01 2025 21:38:06 GMT+0700 (Western Indonesia Time)
[debug] [2025-02-01T14:38:06.401Z] ----------------------------------------------------------------------
[debug] 
[debug] [2025-02-01T14:38:06.449Z] > command requires scopes: ["email","openid","https://www.googleapis.com/auth/cloudplatformprojects.readonly","https://www.googleapis.com/auth/firebase","https://www.googleapis.com/auth/cloud-platform"]
[debug] [2025-02-01T14:38:06.449Z] > authorizing via signed-in user (michael.brian.supranoto@gmail.com)
[debug] [2025-02-01T14:38:06.449Z] [iam] checking project ifest-test-ff126 for permissions ["datastore.indexes.create","datastore.indexes.delete","datastore.indexes.list","datastore.indexes.update","firebase.projects.get","firebasedatabase.instances.update","firebasehosting.sites.update"]
[debug] [2025-02-01T14:38:06.450Z] > refreshing access token with scopes: []
[debug] [2025-02-01T14:38:06.451Z] >>> [apiv2][query] POST https://www.googleapis.com/oauth2/v3/token [none]
[debug] [2025-02-01T14:38:06.451Z] >>> [apiv2][body] POST https://www.googleapis.com/oauth2/v3/token [omitted]
[debug] [2025-02-01T14:38:06.683Z] <<< [apiv2][status] POST https://www.googleapis.com/oauth2/v3/token 200
[debug] [2025-02-01T14:38:06.683Z] <<< [apiv2][body] POST https://www.googleapis.com/oauth2/v3/token [omitted]
[debug] [2025-02-01T14:38:06.686Z] >>> [apiv2][query] POST https://cloudresourcemanager.googleapis.com/v1/projects/ifest-test-ff126:testIamPermissions [none]
[debug] [2025-02-01T14:38:06.686Z] >>> [apiv2][(partial)header] POST https://cloudresourcemanager.googleapis.com/v1/projects/ifest-test-ff126:testIamPermissions x-goog-quota-user=projects/ifest-test-ff126
[debug] [2025-02-01T14:38:06.687Z] >>> [apiv2][body] POST https://cloudresourcemanager.googleapis.com/v1/projects/ifest-test-ff126:testIamPermissions {"permissions":["datastore.indexes.create","datastore.indexes.delete","datastore.indexes.list","datastore.indexes.update","firebase.projects.get","firebasedatabase.instances.update","firebasehosting.sites.update"]}
[debug] [2025-02-01T14:38:07.809Z] <<< [apiv2][status] POST https://cloudresourcemanager.googleapis.com/v1/projects/ifest-test-ff126:testIamPermissions 200
[debug] [2025-02-01T14:38:07.809Z] <<< [apiv2][body] POST https://cloudresourcemanager.googleapis.com/v1/projects/ifest-test-ff126:testIamPermissions {"permissions":["datastore.indexes.create","datastore.indexes.delete","datastore.indexes.list","datastore.indexes.update","firebase.projects.get","firebasedatabase.instances.update","firebasehosting.sites.update"]}
[debug] [2025-02-01T14:38:07.810Z] >>> [apiv2][query] GET https://firebase.googleapis.com/v1beta1/projects/ifest-test-ff126 [none]
[debug] [2025-02-01T14:38:08.376Z] <<< [apiv2][status] GET https://firebase.googleapis.com/v1beta1/projects/ifest-test-ff126 200
[debug] [2025-02-01T14:38:08.376Z] <<< [apiv2][body] GET https://firebase.googleapis.com/v1beta1/projects/ifest-test-ff126 {"projectId":"ifest-test-ff126","projectNumber":"299124377453","displayName":"ifest test","name":"projects/ifest-test-ff126","resources":{"hostingSite":"ifest-test-ff126","realtimeDatabaseInstance":"ifest-test-ff126-default-rtdb"},"state":"ACTIVE","etag":"1_a0e58096-cc05-42d7-8a82-edfb4e1a210a"}
[debug] [2025-02-01T14:38:08.377Z] >>> [apiv2][query] GET https://firebase.googleapis.com/v1beta1/projects/ifest-test-ff126 [none]
[debug] [2025-02-01T14:38:08.874Z] <<< [apiv2][status] GET https://firebase.googleapis.com/v1beta1/projects/ifest-test-ff126 200
[debug] [2025-02-01T14:38:08.874Z] <<< [apiv2][body] GET https://firebase.googleapis.com/v1beta1/projects/ifest-test-ff126 {"projectId":"ifest-test-ff126","projectNumber":"299124377453","displayName":"ifest test","name":"projects/ifest-test-ff126","resources":{"hostingSite":"ifest-test-ff126","realtimeDatabaseInstance":"ifest-test-ff126-default-rtdb"},"state":"ACTIVE","etag":"1_a0e58096-cc05-42d7-8a82-edfb4e1a210a"}
[info] 
[info] === Deploying to 'ifest-test-ff126'...
[info] 
[info] i  deploying database, firestore, hosting 
[info] i  database: checking rules syntax... 
[debug] [2025-02-01T14:38:08.878Z] >>> [apiv2][query] GET https://firebasedatabase.googleapis.com/v1beta/projects/ifest-test-ff126/locations/-/instances/ifest-test-ff126-default-rtdb [none]
[debug] [2025-02-01T14:38:10.327Z] <<< [apiv2][status] GET https://firebasedatabase.googleapis.com/v1beta/projects/ifest-test-ff126/locations/-/instances/ifest-test-ff126-default-rtdb 200
[debug] [2025-02-01T14:38:10.327Z] <<< [apiv2][body] GET https://firebasedatabase.googleapis.com/v1beta/projects/ifest-test-ff126/locations/-/instances/ifest-test-ff126-default-rtdb {"name":"projects/299124377453/locations/asia-southeast1/instances/ifest-test-ff126-default-rtdb","project":"projects/299124377453","databaseUrl":"https://ifest-test-ff126-default-rtdb.asia-southeast1.firebasedatabase.app","type":"DEFAULT_DATABASE","state":"ACTIVE"}
[debug] [2025-02-01T14:38:10.333Z] >>> [apiv2][query] PUT https://ifest-test-ff126-default-rtdb.asia-southeast1.firebasedatabase.app/.settings/rules.json dryRun=true
[debug] [2025-02-01T14:38:10.333Z] >>> [apiv2][body] PUT https://ifest-test-ff126-default-rtdb.asia-southeast1.firebasedatabase.app/.settings/rules.json "{\n  /* Visit https://firebase.google.com/docs/database/security to learn more about security rules. */\n  \"rules\": {\n    \".read\": false,\n    \".write\": false\n  }\n}"
[debug] [2025-02-01T14:38:11.009Z] <<< [apiv2][status] PUT https://ifest-test-ff126-default-rtdb.asia-southeast1.firebasedatabase.app/.settings/rules.json 200
[debug] [2025-02-01T14:38:11.009Z] <<< [apiv2][body] PUT https://ifest-test-ff126-default-rtdb.asia-southeast1.firebasedatabase.app/.settings/rules.json {"status":"ok"}
[info] +  database: rules syntax for database ifest-test-ff126-default-rtdb is valid 
[info] i  firestore: reading indexes from firestore.indexes.json... 
[info] i  cloud.firestore: checking firestore.rules for compilation errors... 
[debug] [2025-02-01T14:38:11.016Z] >>> [apiv2][query] POST https://firebaserules.googleapis.com/v1/projects/ifest-test-ff126:test [none]
[debug] [2025-02-01T14:38:11.016Z] >>> [apiv2][body] POST https://firebaserules.googleapis.com/v1/projects/ifest-test-ff126:test [omitted]
[debug] [2025-02-01T14:38:12.462Z] <<< [apiv2][status] POST https://firebaserules.googleapis.com/v1/projects/ifest-test-ff126:test 200
[debug] [2025-02-01T14:38:12.462Z] <<< [apiv2][body] POST https://firebaserules.googleapis.com/v1/projects/ifest-test-ff126:test {"issues":[{"sourcePosition":{"fileName":"firestore.rules"},"description":"Ruleset uses old version (version [1]). Please update to the latest version (version [2]).","severity":"WARNING"}]}
[warn] !  [W] undefined:undefined - Ruleset uses old version (version [1]). Please update to the latest version (version [2]). 
[info] +  cloud.firestore: rules file firestore.rules compiled successfully 
[debug] [2025-02-01T14:38:12.469Z] >>> [apiv2][query] POST https://firebasehosting.googleapis.com/v1beta1/projects/-/sites/ifest-test-ff126/versions [none]
[debug] [2025-02-01T14:38:12.469Z] >>> [apiv2][body] POST https://firebasehosting.googleapis.com/v1beta1/projects/-/sites/ifest-test-ff126/versions {"status":"CREATED","labels":{"deployment-tool":"cli-firebase"}}
[debug] [2025-02-01T14:38:33.204Z] <<< [apiv2][status] POST https://firebasehosting.googleapis.com/v1beta1/projects/-/sites/ifest-test-ff126/versions 200
[debug] [2025-02-01T14:38:33.204Z] <<< [apiv2][body] POST https://firebasehosting.googleapis.com/v1beta1/projects/-/sites/ifest-test-ff126/versions {"name":"projects/299124377453/sites/ifest-test-ff126/versions/7703d06972ef6991","status":"CREATED","config":{},"labels":{"deployment-tool":"cli-firebase"}}
[info] i  firestore: deploying indexes... 
[debug] [2025-02-01T14:38:33.207Z] >>> [apiv2][query] GET https://firebaserules.googleapis.com/v1/projects/ifest-test-ff126/releases pageSize=10&pageToken=
[debug] [2025-02-01T14:38:33.209Z] >>> [apiv2][query] GET https://firestore.googleapis.com/v1/projects/ifest-test-ff126/databases/(default)/collectionGroups/-/indexes [none]
[debug] [2025-02-01T14:38:33.432Z] <<< [apiv2][status] GET https://firestore.googleapis.com/v1/projects/ifest-test-ff126/databases/(default)/collectionGroups/-/indexes 200
[debug] [2025-02-01T14:38:33.432Z] <<< [apiv2][body] GET https://firestore.googleapis.com/v1/projects/ifest-test-ff126/databases/(default)/collectionGroups/-/indexes {}
[debug] [2025-02-01T14:38:33.432Z] >>> [apiv2][query] GET https://firestore.googleapis.com/v1/projects/ifest-test-ff126/databases/(default)/collectionGroups/-/fields?filter=indexConfig.usesAncestorConfig=false OR ttlConfig:* [none]
[debug] [2025-02-01T14:38:33.531Z] <<< [apiv2][status] GET https://firestore.googleapis.com/v1/projects/ifest-test-ff126/databases/(default)/collectionGroups/-/fields?filter=indexConfig.usesAncestorConfig=false OR ttlConfig:* 200
[debug] [2025-02-01T14:38:33.532Z] <<< [apiv2][body] GET https://firestore.googleapis.com/v1/projects/ifest-test-ff126/databases/(default)/collectionGroups/-/fields?filter=indexConfig.usesAncestorConfig=false OR ttlConfig:* {"fields":[{"name":"projects/ifest-test-ff126/databases/(default)/collectionGroups/__default__/fields/*","indexConfig":{"indexes":[{"queryScope":"COLLECTION","fields":[{"fieldPath":"*","order":"ASCENDING"}],"state":"READY"},{"queryScope":"COLLECTION","fields":[{"fieldPath":"*","order":"DESCENDING"}],"state":"READY"},{"queryScope":"COLLECTION","fields":[{"fieldPath":"*","arrayConfig":"CONTAINS"}],"state":"READY"}]}}]}
[info] +  firestore: deployed indexes in firestore.indexes.json successfully for (default) database 
[debug] [2025-02-01T14:38:34.586Z] <<< [apiv2][status] GET https://firebaserules.googleapis.com/v1/projects/ifest-test-ff126/releases 200
[debug] [2025-02-01T14:38:34.586Z] <<< [apiv2][body] GET https://firebaserules.googleapis.com/v1/projects/ifest-test-ff126/releases {"releases":[{"name":"projects/ifest-test-ff126/releases/cloud.firestore","rulesetName":"projects/ifest-test-ff126/rulesets/852ec323-b517-4afc-9092-39a88843eddb","createTime":"2024-12-07T10:12:14.874661Z","updateTime":"2025-01-26T13:01:15.071710Z"}]}
[debug] [2025-02-01T14:38:34.586Z] >>> [apiv2][query] GET https://firebaserules.googleapis.com/v1/projects/ifest-test-ff126/rulesets/852ec323-b517-4afc-9092-39a88843eddb [none]
[debug] [2025-02-01T14:38:35.963Z] <<< [apiv2][status] GET https://firebaserules.googleapis.com/v1/projects/ifest-test-ff126/rulesets/852ec323-b517-4afc-9092-39a88843eddb 200
[debug] [2025-02-01T14:38:35.964Z] <<< [apiv2][body] GET https://firebaserules.googleapis.com/v1/projects/ifest-test-ff126/rulesets/852ec323-b517-4afc-9092-39a88843eddb [omitted]
[info] i  firestore: latest version of firestore.rules already up to date, skipping upload... 
[info] i  hosting[ifest-test-ff126]: beginning deploy... 
[info] i  hosting[ifest-test-ff126]: found 32 files in galeri/src 
[debug] [2025-02-01T14:38:35.987Z] [hosting] uploading with 200 concurrency
[debug] [2025-02-01T14:38:36.001Z] [hosting] hash cache [Z2FsZXJpXHNyYw] stored for 32 files
[debug] [2025-02-01T14:38:36.001Z] [hosting][hash queue][FINAL] {"max":10,"min":0,"avg":0.3125,"active":0,"complete":32,"success":32,"errored":0,"retried":0,"total":32,"elapsed":12}
[debug] [2025-02-01T14:38:36.001Z] >>> [apiv2][query] POST https://firebasehosting.googleapis.com/v1beta1/projects/299124377453/sites/ifest-test-ff126/versions/7703d06972ef6991:populateFiles [none]
[debug] [2025-02-01T14:38:36.001Z] >>> [apiv2][body] POST https://firebasehosting.googleapis.com/v1beta1/projects/299124377453/sites/ifest-test-ff126/versions/7703d06972ef6991:populateFiles {"files":{"/script.js":"f8d5d71cbfce83c633bd907d0ebee7b615fb735369713d9913dd84e95c0c5303","/output.css":"79d332b7e7aa053732ea6e259e6e734ed203528a9b497b968ce51b85f46bf397","/input.css":"04339fac8bc84a5622b85d0b86f3ccacc2e3f27936e129cdc8883ee17d4d05f9","/img/icon/zoom.png":"53294cb61e7c6f9bdced03fdfb7b52e1dd96662fc074e83d3728f3f537b9fade","/img/icon/web.png":"c1f6bde8a7c505d277f6814761c7da9a9373e40bb38e9b62c72d9b01eeda9fbb","/img/icon/wdc.png":"02e82e1dd163e4a413cd23c49c2d74ce7a90886c8b3f81a0d273e7b62d293c7d","/img/icon/wa.png":"c12e70503a9073e31f6913cf5b34758cd0407c94a7fb4b6ca4b20be95bb92a34","/img/icon/univ.png":"288d8185bf17ea517a708fa7cf2770e4591e026b5647b5aab115b96aa39a7622","/img/icon/right_arrow.png":"04f1d4a55d80af3c763d326e805802f3811661ff2b02dc7794186fc50ec496cc","/img/icon/online.png":"bc01436391eb855ddf004a6ab8e26b0148f0c37319988e0714c08172f122ac89","/img/icon/money.png":"9bddc7f071e3b49955c877719ccac9f59f0a2cb9d7d119b2ed67103e113c21c0","/img/icon/mingcute_youtube-fill.svg":"f31c5e86fe806bb8c4b39bef2963628613c35589e23d8ab4324a587777ffa1bf","/img/icon/mingcute_line-app-fill.svg":"0610667d73c6b88a488dc5ccd3a03df1db061ee6b90f8f12c6a4d8ddfeb0b959","/img/icon/mingcute_instagram-fill.svg":"95503d3f94deb9c72d38e9fba720fefb1dcc8c7e38b6d453c86fc9abffc02583","/img/icon/ig.png":"78f888cab1fff5af11cdec89b471865a1123bbae00e9fce6615548d49a0c97de","/img/icon/form.png":"94b83bd668eb466850171b540808b1d72eaaa46910123f4d133322eb259e6e91","/img/icon/certificate.png":"86a92ffd07002af4e87e488890be48c0b95a24cc8f74dd1441df060f96460780","/img/element/senyum_matahari.svg":"1870cdc23fc8abe298aa9bb169bdcf4c381a0d08180f028da6f0bb3c240e90e7","/img/element/senyum.svg":"b47e5bd25d10e961cd6ef46bca29799c21719c1e48b963f9fc7e0abd0bd36eeb","/img/element/placeholder.svg":"769ffbb5249c6b1b4a234dfeebfdf5f947cb379155b4ed898494368e1b6253d1","/img/element/pelangi_footer.svg":"c9b3329e071a1929820aa8569a28284dbf84e8cdca8173d89562cd4907aadfc0","/img/element/matahari.svg":"88ad1223149f9a11d2443c37ec46e8c4ae31a6932320f3c577ffab0f9d2abd13","/img/element/logo_hima.svg":"c688eb20b6e85baf1c30d5250366e5c48d3eb2763c1f96a6e31b61a0e0ebb583","/img/element/logo_footer.svg":"91bf64cdd7be7b2e09f0d13d3e8693eb3b6fb145e47f506b55db52526c3400b9","/img/element/logo.svg":"d26567aadf0c1eaffd94119ac40d3edb19f4748a4829f6bfdd6f7c63a76dfd6b","/img/element/kamera.svg":"318a9d4b42337ca976426f28c6d4acbd92515e71e02d98c3590333a475a625c0","/img/element/garis_footer.svg":"f7ce25418237a7059fa2c513867bc8cadda5ba4cbfa0809539dca90e8198cb3e","/img/element/foto.svg":"ca30d021fadd9695bb6d4a3492f0e8bbd13b68b033ea3dbad8475d47f589b79e","/img/element/dropdown.svg":"9f9a8dfecbbe05d2731f7d3146246c9b6ed759bac9f4e3379888bb55b867dbd7","/img/element/cahaya.svg":"99fcc9d856e01422206c13b8a072d71676f8cea576d29593457954472b7702c9","/img/element/awan.svg":"65e11980a3043ff2aeccd60ba01cb47ce5f7d5f6a0faffaf2639f3ee3b4d5213","/index.html":"7b549e53630d260bf02b5e2c65d31ff2b1b988962e0ac97e856e84f965ff1d2b"}}
